<?xml version="1.0" encoding="UTF-8"?>
<testng-results ignored="0" total="1" passed="1" failed="0" skipped="0">
  <reporter-output>
  </reporter-output>
  <suite started-at="2025-01-17T20:06:15 IST" name="Default suite" finished-at="2025-01-17T20:06:17 IST" duration-ms="1678">
    <groups>
    </groups>
    <test started-at="2025-01-17T20:06:15 IST" name="Default test" finished-at="2025-01-17T20:06:17 IST" duration-ms="1678">
      <class name="exercise.tests.Scenario2">
        <test-method signature="getUsers()[pri:0, instance:exercise.tests.Scenario2@79924b]" started-at="2025-01-17T20:06:15 IST" name="getUsers" finished-at="2025-01-17T20:06:17 IST" duration-ms="1646" status="PASS">
          <reporter-output>
          </reporter-output>
        </test-method> <!-- getUsers -->
      </class> <!-- exercise.tests.Scenario2 -->
    </test> <!-- Default test -->
  </suite> <!-- Default suite -->
</testng-results>
